<?xml version="1.0" encoding="UTF-8"?>
<!-- Generated by org.testng.reporters.JUnitReportReporter -->
<testsuite name="com.cigniti.guardant.pdfcompare.PdfComparision" tests="1" time="5.309" ignored="0" failures="0" timestamp="03 Aug 2018 13:27:21 GMT" skipped="0" hostname="HW0566" errors="0">
  <testcase name="testPDFComparision" time="5.309" classname="com.cigniti.guardant.pdfcompare.PdfComparision"/>
</testsuite> <!-- com.cigniti.guardant.pdfcompare.PdfComparision -->
